<html xmlns:string="xalan://java.lang.String" xmlns:lxslt="http://xml.apache.org/xslt">
<head>
<META http-equiv="Content-Type" content="text/html; charset=UTF-8">
<title>Unit Test Results: All Tests</title>
<link rel="stylesheet" type="text/css" title="Style" href="stylesheet.css">
</head>
<body onload="open('allclasses-frame.html','classListFrame')">
<h1>Unit Test Results.</h1>
<table width="100%">
<tr>
<td align="left"></td><td align="right">Designed for use with <a href="http://www.junit.org/">JUnit</a> and <a href="http://ant.apache.org/">Ant</a>.</td>
</tr>
</table>
<hr size="1">
<h2>All Tests</h2>
<table class="details" border="0" cellpadding="5" cellspacing="2" width="95%">
<tr valign="top">
<th>Class</th><th>Name</th><th>Status</th><th width="80%">Type</th><th nowrap>Time(s)</th>
</tr>
<tr valign="top" class="TableRowColor">
<td><a href="CodingChallenge/0_CodingChallenge01.html">CodingChallenge01</a></td><td><a name="GetPageTitle"></a><a href="CodingChallenge/0_CodingChallenge01.html#GetPageTitle">GetPageTitle</a></td><td>Success</td><td></td><td>9.833</td>
</tr>
<tr valign="top" class="TableRowColor">
<td><a href="CodingChallenge/1_CodingChallenge02.html">CodingChallenge02</a></td><td><a name="SelectRestaurantsLinkVerify"></a><a href="CodingChallenge/1_CodingChallenge02.html#SelectRestaurantsLinkVerify">SelectRestaurantsLinkVerify</a></td><td>Success</td><td></td><td>14.030</td>
</tr>
<tr valign="top" class="Error">
<td><a href="CodingChallenge/2_CodingChallenge03.html">CodingChallenge03</a></td><td><a name="SearchRestaurantsAppendPizza"></a><a href="CodingChallenge/2_CodingChallenge03.html#SearchRestaurantsAppendPizza">SearchRestaurantsAppendPizza</a></td><td>Error</td><td>no such element: Unable to locate element: {"method":"xpath","selector":"//*[@id='header_find_form']/div/div[1]/div/label/div/span/input[2]"}
  (Session info: chrome=61.0.3163.100)
  (Driver info: chromedriver=2.24.417412 (ac882d3ce7c0d99292439bf3405780058fcca0a6),platform=Mac OS X 10.13.0 x86_64) (WARNING: The server did not provide any stacktrace information)
Command duration or timeout: 30.04 seconds
For documentation on this error, please visit: http://seleniumhq.org/exceptions/no_such_element.html
Build info: version: '2.45.0', revision: '5017cb8e7ca8e37638dc3091b2440b90a1d8686f', time: '2015-02-27 09:10:26'
System info: host: 'Milos-MacBook-Pro.local', ip: '172.31.63.4', os.name: 'Mac OS X', os.arch: 'x86_64', os.version: '10.13', java.version: '1.8.0_65'
Driver info: org.openqa.selenium.chrome.ChromeDriver
Capabilities [{applicationCacheEnabled=false, rotatable=false, mobileEmulationEnabled=false, networkConnectionEnabled=false, chrome={chromedriverVersion=2.24.417412 (ac882d3ce7c0d99292439bf3405780058fcca0a6), userDataDir=/var/folders/8q/vvxz_q1d0v7c9g18whkld6bm0000gn/T/.org.chromium.Chromium.kdj29B}, takesHeapSnapshot=true, pageLoadStrategy=normal, databaseEnabled=false, handlesAlerts=true, hasTouchScreen=false, version=61.0.3163.100, platform=MAC, browserConnectionEnabled=false, nativeEvents=true, acceptSslCerts=true, locationContextEnabled=true, webStorageEnabled=true, browserName=chrome, takesScreenshot=true, javascriptEnabled=true, cssSelectorsEnabled=true}]
Session ID: 0e7558292117bfebe7c6526b693b7ec6
*** Element info: {Using=xpath, value=//*[@id='header_find_form']/div/div[1]/div/label/div/span/input[2]}<br>
<br>
<code>org.openqa.selenium.NoSuchElementException: no such element: Unable to locate element: {"method":"xpath","selector":"//*[@id='header_find_form']/div/div[1]/div/label/div/span/input[2]"}<br>  (Session info: cchrome=61.0.3163.100)<br>  (Driver info: chromedriver=2.24.417412 (ac882d3ce7c0d99292439bf3405780058fcca0a6),platform=Mac OS X 10.13.0 x86_64) (WARNING: The server did not provide any stacktrace information)<br>
<br>Command duration or timeout: 30.04 seconds<br>For documentation on this error, please visit: http://seleniumhq.org/exceptions/no_such_element.html<br>Build info: version: '2.45.0', revision: '5017cb8e7ca8e376388dc3091b2440b90a1d8686f', time: '2015-02-27 09:10:26'<br>System info: host: 'Milos-MacBook-Pro.local', ip: '172.31.63.4', os.name: 'Mac OS X', os.arch: 'x86_64',  os.version: '10.13', java.version: '1.8.0_65'<br>Driver info: org.openqa.selenium.chrome.ChromeDriver<br>Capabilities [{applicationCacheEnabled=false, rotatable=false, mobileEmulationEnabled=false, networkConnectionEnabled=false, chrome={chromedriverVersion=2.24.417412 (ac882d3ce7c0d99292439bf3405780058fcca0a6), userDataDir=/var/folders/8q/vvxz_q1d0v7c9g18whkld6bm0000gn/T/.org.chromium.Chromium.kdj29B}, takesHeapSnapshot=true, pageLoadStrategy=normal, databaseEnabled=false, handlesAleerts=true, hasTouchScreen=false, version=61.0.3163.100, platform=MAC, browserConnectionEnabled=false, nativeEvents=true, acceptSslCerts=true, locationContextEnabled=true, webStorageEnabled=true, browserName=chrome, takesScreenshot=true, javascriptEnabled=true, cssSelectorsEnabled=true}]<br>Session ID: 0e7558292117bfebe7c6526b693b7ec6<br>*** Element info: {Using=xpath, value=//*[@id='header_find_form']/div/div[1]/div/label/div/span/input[2]}<br>	at java.lang.reflect.Constructor.newInstance(Constructor.java:422)<br>	at org.openqa.selenium.remote.ErrorHandler.createThrowable(ErrorHandler.java:204)<br>	at org.openqa.selenium.remote.ErrorHandler.throwIfResponseFailed(ErrorHandler.java:156)<br>	at org.openqa.selenium.remote.RemoteWebDriver.execute(RemoteWebDriver.java:599)<br>	at org.opeenqa.selenium.remote.RemoteWebDriver.findElement(RemoteWebDriver.java:352)<br>	at org.openqa.selenium.remote.RemoteWebDriver.findElementByXPath(RemoteWebDDriver.java:449)<br>	at org.openqa.selenium.Byy$ByXPath.findElement(By.java:357)<br>	at org.openqa.selenium.remote.RemoteWebDriver.findElement(RemoteWebDriver.java:344)<br>	at PageObjects.YelpSearchBoxInput.SearchBoxInput(YelpSearchBoxInput.java:14)<br>	at CodiingChallenge.CodingChallenge03.SearchRestaurantsAppendPizza(CodingChallenge03.java:50)<br>
</code></td><td>86.596</td>
</tr>
<tr valign="top" class="TableRowColor">
<td><a href="CodingChallenge/3_CodingChallenge04.html">CodingChallenge04</a></td><td><a name="SearchRestaurantsListResults"></a><a href="CodingChallenge/3_CodingChallenge04.html#SearchRestaurantsListResults">SearchRestaurantsListResults</a></td><td>Success</td><td></td><td>18.846</td>
</tr>
<tr valign="top" class="TableRowColor">
<td><a href="CodingChallenge/4_CodingChallenge05.html">CodingChallenge05</a></td><td><a name="ReportTotalNumberOfRestaurantsFromSearch"></a><a href="CodingChallenge/4_CodingChallenge05.html#ReportTotalNumberOfRestaurantsFromSearch">ReportTotalNumberOfRestaurantsFromSearch</a></td><td>Success</td><td></td><td>13.597</td>
</tr>
<tr valign="top" class="Error">
<td><a href="CodingChallenge/5_CodingChallenge06.html">CodingChallenge06</a></td><td><a name="FilterRestaurantsParameterize"></a><a href="CodingChallenge/5_CodingChallenge06.html#FilterRestaurantsParameterize">FilterRestaurantsParameterize</a></td><td>Error</td><td>no such element: Unable to locate element: {"method":"xpath","selector":"//*[@id='header_find_form']/div/div[1]/div/label/div/span/input[2]"}
  (Session info: chrome=61.0.3163.100)
  (Driver info: chromedriver=2.24.417412 (ac882d3ce7c0d99292439bf3405780058fcca0a6),platform=Mac OS X 10.13.0 x86_64) (WARNING: The server did not provide any stacktrace information)
Command duration or timeout: 30.05 seconds
For documentation on this error, please visit: http://seleniumhq.org/exceptions/no_such_element.html
Build info: version: '2.45.0', revision: '5017cb8e7ca8e37638dc3091b2440b90a1d8686f', time: '2015-02-27 09:10:26'
System info: host: 'Milos-MacBook-Pro.local', ip: '172.31.63.4', os.name: 'Mac OS X', os.arch: 'x86_64', os.version: '10.13', java.version: '1.8.0_65'
Driver info: org.openqa.selenium.chrome.ChromeDriver
Capabilities [{applicationCacheEnabled=false, rotatable=false, mobileEmulationEnabled=false, networkConnectionEnabled=false, chrome={chromedriverVersion=2.24.417412 (ac882d3ce7c0d99292439bf3405780058fcca0a6), userDataDir=/var/folders/8q/vvxz_q1d0v7c9g18whkld6bm0000gn/T/.org.chromium.Chromium.IcZZdl}, takesHeapSnapshot=true, pageLoadStrategy=normal, databaseEnabled=false, handlesAlerts=true, hasTouchScreen=false, version=61.0.3163.100, platform=MAC, browserConnectionEnabled=false, nativeEvents=true, acceptSslCerts=true, locationContextEnabled=true, webStorageEnabled=true, browserName=chrome, takesScreenshot=true, javascriptEnabled=true, cssSelectorsEnabled=true}]
Session ID: 126c914f4dfdbbdde2a1e78bf7844c71
*** Element info: {Using=xpath, value=//*[@id='header_find_form']/div/div[1]/div/label/div/span/input[2]}<br>
<br>
<code>org.openqa.selenium.NoSuchElementException: no such element: Unable to locate element: {"method":"xpath","selecttor":"//*[@id='header_find_form']/div/div[1]/div/label/div/span/input[2]"}<br>  (Session info: chrome=61.0.3163.100)<br>  (Driver info: chromedriver=2.24.417412 (ac882d3ce7c0d99292439bf3405780058fcca0a6),platform=Mac OS X 10.13.0 x86_64) (WARNING: The server did not provide any stacktrace information)<br>Command duration or timeout: 30.05 seconds<br>For documentation on this error, please visit: http://seleniumhq.org/exceptions/no_suuch_element.html<br>Build info: version: '2.45.0', revision: '5017cb8e7ca8e37638dc3091b2440b90a1d8686f', time: '2015-02-27 09:10:26'<br>System info: host: 'Milos-MacBook-Pro.local', ip: '172.31.63.4', os.name: 'Mac OS X', os.arch: 'x86_64', os.version: '10.13', java.version: '1.8.0_65'<br>Driver info: org.openqa.selenium.chrome.ChromeDriver<br>Capabilities [{applicationCacheEnabled=false, rotatable=false, mobileEmulationEnabled=false, networkConnectionEnabled=false, chrome={chromedriverVersion=2.24.417412 (ac882d3ce7c0d99292439bf3405780058fcca0a6), userDataDir=/var/folders/8q/vvxz_q1d0v7c9g18whkld6bm0000gn/T/.org.chromium.Chromium.IcZZdl}, takesHeapSnapshot=true, pageLoadStrategy=normal, databaseEnabled=false, handlesAlerts=true, hasTouchScreen=false, version=61.0.3163.100, platform=MAC, browserConnectionEnabled=false, nativeEvents=true, acceptSslCerts=true, locationContextEnabled=true, webStorageEnabled=true, browserName=chrome, takesScreenshot=true, javascriptEnabled=true, cssSelectorsEnabled=true}]<br>Session ID: 126c914f4dfdbbdde2a1e78bf7844c71<br>*** Element info: {Using=xpath, value=//*[@id='header_find_form']/div/div[1]/div/label/div/span/input[2]}<br>
<br>	at java.lang.reflect.Constructor.newInstance(Constructor.java:422)<br>	at org.openqa.selenium.remote.ErrorHandler.createThrowablee(ErrorHandler.java:204)<br>	at org.openqa.selenium.remote.ErrorHandler.throwIfResponseFailed(ErrorHandler.java:1156)<br>	at org.openqa.selenium.remote.RemoteWWebDriver.execute(RemoteWebDriver.java:599)<br>	at org.openqa.selenium.remote.RemoteWebDriver.findElement(RemoteWebDriver.java:352)<br>	at org.openqa.selenium.remote.RemoteWebDriver.findElementByXPath(RemoteWebDriver.java:449)<br>	at org.openqa.selenium.By$ByXPath.findElement(By.java:357)<br>	at org.openqa.selenium.remote.RemoteWebDriver.findEllement(RemoteWebDriver.java:344)<br>	at PageObjects.YelpSearchBoxInput.SearchBoxInput(YelpSearchBoxInput.java:14)<br>	at CodingChallenge.CodingChallenge06.FilterRestaurantsParameterize(CodingChallenge06.java:63)<br>
</code></td><td>89.332</td>
</tr>
<tr valign="top" class="TableRowColor">
<td><a href="CodingChallenge/7_CodingChallenge07.html">CodingChallenge07</a></td><td><a name="ApplyParameterizeFilterRestaurants"></a><a href="CodingChallenge/7_CodingChallenge07.html#ApplyParameterizeFilterRestaurants">ApplyParameterizeFilterRestaurants</a></td><td>Success</td><td></td><td>16.984</td>
</tr>
<tr valign="top" class="TableRowColor">
<td><a href="CodingChallenge/8_CodingChallenge08.html">CodingChallenge08</a></td><td><a name="ReportStarRating"></a><a href="CodingChallenge/8_CodingChallenge08.html#ReportStarRating">ReportStarRating</a></td><td>Success</td><td></td><td>19.551</td>
</tr>
<tr valign="top" class="TableRowColor">
<td><a href="CodingChallenge/9_CodingChallenge09.html">CodingChallenge09</a></td><td><a name="ReportStarRating"></a><a href="CodingChallenge/9_CodingChallenge09.html#ReportStarRating">ReportStarRating</a></td><td>Success</td><td></td><td>21.110</td>
</tr>
<tr valign="top" class="TableRowColor">
<td><a href="CodingChallenge/10_CodingChallenge10.html">CodingChallenge10</a></td><td><a name="FirstRestaurantDetails"></a><a href="CodingChallenge/10_CodingChallenge10.html#FirstRestaurantDetails">FirstRestaurantDetails</a></td><td>Success</td><td></td><td>22.548</td>
</tr>
<tr valign="top" class="TableRowColor">
<td><a href="CodingChallenge/11_CodingChallenge11.html">CodingChallenge11</a></td><td><a name="GetRestruantDetails"></a><a href="CodingChallenge/11_CodingChallenge11.html#GetRestruantDetails">GetRestruantDetails</a></td><td>Success</td><td></td><td>22.905</td>
</tr>
<tr valign="top" class="TableRowColor">
<td><a href="bhhc/12_bhhc001_TitlePage.html">bhhc001_TitlePage</a></td><td><a name="TitlePage"></a><a href="bhhc/12_bhhc001_TitlePage.html#TitlePage">TitlePage</a></td><td>Success</td><td></td><td>11.344</td>
</tr>
<tr valign="top" class="TableRowColor">
<td><a href="bhhc/13_bhhc002_FindAllLinks.html">bhhc002_FindAllLinks</a></td><td><a name="FindAllLinks"></a><a href="bhhc/13_bhhc002_FindAllLinks.html#FindAllLinks">FindAllLinks</a></td><td>Success</td><td></td><td>16.607</td>
</tr>
<tr valign="top" class="Error">
<td><a href="bhhc/14_bhhc003_ExpressPayment.html">bhhc003_ExpressPayment</a></td><td><a name="ExpressPolicyPayment"></a><a href="bhhc/14_bhhc003_ExpressPayment.html#ExpressPolicyPayment">ExpressPolicyPayment</a></td><td>Error</td><td>Timed out after 10 seconds waiting for alert to be present
Build info: version: '2.45.0', revision: '5017cb8e7ca8e37638dc3091b2440b90a1d8686f', time: '2015-02-27 09:10:26'
System info: host: 'FITBIT-INC.bar2.SanFrancisco1.Level3.net', ip: '192.168.101.149', os.name: 'Mac OS X', os.arch: 'x86_64', os.version: '10.12.1', java.version: '1.8.0_65'
Driver info: org.openqa.selenium.chrome.ChromeDriver
Capabilities [{applicationCacheEnabled=false, rotatable=false, mobileEmulationEnabled=false, networkConnectionEnabled=false, chrome={chromedriverVersion=2.24.417412 (ac882d3ce7c0d99292439bf3405780058fcca0a6), userDataDir=/var/folders/8q/vvxz_q1d0v7c9g18whkld6bm0000gn/T/.org.chromium.Chromium.6NYtZw}, takesHeapSnapshot=true, pageLoadStrategy=normal, databaseEnabled=false, handlesAlerts=true, hasTouchScreen=false, version=54.0.2840.71, platform=MAC, browserConnectionEnabled=false, nativeEvents=true, acceptSslCerts=true, locationContextEnabled=true, webStorageEnabled=true, browserName=chrome, takesScreenshot=true, javascriptEnabled=true, cssSelectorsEnabled=true}]
Session ID: 62eb02b0c98855032db6f3d109356b74<br>
<br>
<code>org.openqa.selenium.TimeoutException: Timed out after 10 seconds waiting for alert to be present<br>Build info: version: '2.45.0', revision: '5017cb8e7ca8e37638dc3091b2440b90a1d8686f', time: '2015-02-27 09:10:26'<br>System info: host: 'FITBIT-INC.bar2.SanFrancisco1.Level3.net', ip: '192.168.101.149', os.name: 'Mac OS X', os.arch: 'x86_64', os.version: '10.12.1', java.version: '1.8.0_65'<br>Driver info: org.openqa.selenium.chrome.ChromeDriver<br>Capabilities [{applicationCacheEnabled=false, rotatable=false, mobileEmulationEnabled=false, networkConnectionEnabled=false, chrome={chromedriverVersion=2.24.417412 (ac882d3ce7c0d99292439bf3405780058fcca0a6), userDataDir=/var/folders/8q/vvxz_q1d0v7c9g18whkld6bm00000gn/T/.org.chromium.Chromium.6NYtZw}, takesHeapSnapshot=true, pageLoadStrategy=normal, databaseEnabled=false, handlesAlerts=true, hasTouchScreen=false, version=54.0.2840.71, platform=MAC, browserConnectionEnabled=false, nativeEvents=true, acceptSslCerts=true, locationContextEnabled=true, webStorageEnabled=true, browserName=chrome, takesScreenshot=true, javascriptEnabled=true, cssSelectorsEnabled=true}]<br>Session ID: 62eb02b0c98855032db6f3d109356b74<br>	at org.openqa.selenium.support.ui.WebDriverWait.timeoutExxception(WebDriverWait.java:79)<br>	at org.openqa.selenium.support.ui.FluentWait.until(FluentWait.java:228)<br>	at bhhc.bhhc003_ExpressPayment.ExpressPoliicyPayment(bhhc003_ExpressPayment.java:137)<br>
</code></td><td>20.929</td>
</tr>
</table>
</body>
</html>
